# JRE version: Java(TM) SE Runtime Environment (18.0.2.1+1) (build 18.0.2.1+1-1)
# Java VM: Java HotSpot(TM) 64-Bit Server VM (18.0.2.1+1-1, mixed mode, sharing, tiered, compressed oops, compressed class ptrs, g1 gc, bsd-amd64)
GC Precious Log:
 CardTable entry size: 512
 Card Set container configuration: InlinePtr #cards 4 size 8 Array Of Cards #cards 16 size 48 Howl #buckets 8 coarsen threshold 3686 Howl Bitmap #cards 512 size 80 coarsen threshold 460 Card regions per heap region 1 cards per card region 4096
 CPUs: 8 total, 8 available
 Memory: 16384M
 Large Page Support: Disabled
 NUMA Support: Disabled
 Compressed Oops: Enabled (Zero based)
 Heap Region Size: 2M
 Heap Min Capacity: 8M
 Heap Initial Capacity: 256M
 Heap Max Capacity: 4G
 Pre-touch: Disabled
 Parallel Workers: 8
 Concurrent Workers: 2
 Concurrent Refinement Workers: 8
 Periodic GC: Disabled
Heap:
 garbage-first heap   total 270336K, used 112241K [0x0000000700000000, 0x0000000800000000)
  region size 2048K, 7 young (14336K), 3 survivors (6144K)
 Metaspace       used 15111K, committed 15424K, reserved 1114112K
  class space    used 1755K, committed 1920K, reserved 1048576K
GC Heap History (20 events):
Event: 32.431 GC heap before
{Heap before GC invocations=58 (full 0):
 garbage-first heap   total 270336K, used 133861K [0x0000000700000000, 0x0000000800000000)
  region size 2048K, 10 young (20480K), 3 survivors (6144K)
 Metaspace       used 14952K, committed 15232K, reserved 1114112K
  class space    used 1739K, committed 1856K, reserved 1048576K
}
Event: 32.434 GC heap after
{Heap after GC invocations=59 (full 0):
 garbage-first heap   total 270336K, used 48145K [0x0000000700000000, 0x0000000800000000)
  region size 2048K, 2 young (4096K), 2 survivors (4096K)
 Metaspace       used 14952K, committed 15232K, reserved 1114112K
  class space    used 1739K, committed 1856K, reserved 1048576K
}
Event: 33.055 GC heap before
{Heap before GC invocations=59 (full 0):
 garbage-first heap   total 270336K, used 140305K [0x0000000700000000, 0x0000000800000000)
  region size 2048K, 13 young (26624K), 2 survivors (4096K)
 Metaspace       used 15014K, committed 15360K, reserved 1114112K
  class space    used 1743K, committed 1920K, reserved 1048576K
}
Event: 33.060 GC heap after
{Heap after GC invocations=60 (full 0):
 garbage-first heap   total 270336K, used 87141K [0x0000000700000000, 0x0000000800000000)
  region size 2048K, 2 young (4096K), 2 survivors (4096K)
 Metaspace       used 15014K, committed 15360K, reserved 1114112K
  class space    used 1743K, committed 1920K, reserved 1048576K
}
Event: 33.292 GC heap before
{Heap before GC invocations=60 (full 0):
 garbage-first heap   total 270336K, used 130149K [0x0000000700000000, 0x0000000800000000)
  region size 2048K, 8 young (16384K), 2 survivors (4096K)
 Metaspace       used 15014K, committed 15360K, reserved 1114112K
  class space    used 1743K, committed 1920K, reserved 1048576K
}
Event: 33.295 GC heap after
{Heap after GC invocations=61 (full 0):
 garbage-first heap   total 270336K, used 48277K [0x0000000700000000, 0x0000000800000000)
  region size 2048K, 2 young (4096K), 2 survivors (4096K)
 Metaspace       used 15014K, committed 15360K, reserved 1114112K
  class space    used 1743K, committed 1920K, reserved 1048576K
}
Event: 33.860 GC heap before
{Heap before GC invocations=61 (full 0):
 garbage-first heap   total 270336K, used 138389K [0x0000000700000000, 0x0000000800000000)
  region size 2048K, 12 young (24576K), 2 survivors (4096K)
 Metaspace       used 15069K, committed 15360K, reserved 1114112K
  class space    used 1752K, committed 1920K, reserved 1048576K
}
Event: 33.863 GC heap after
{Heap after GC invocations=62 (full 0):
 garbage-first heap   total 270336K, used 87396K [0x0000000700000000, 0x0000000800000000)
  region size 2048K, 2 young (4096K), 2 survivors (4096K)
 Metaspace       used 15069K, committed 15360K, reserved 1114112K
  class space    used 1752K, committed 1920K, reserved 1048576K
}
Event: 34.129 GC heap before
{Heap before GC invocations=62 (full 0):
 garbage-first heap   total 270336K, used 132452K [0x0000000700000000, 0x0000000800000000)
  region size 2048K, 9 young (18432K), 2 survivors (4096K)
 Metaspace       used 15074K, committed 15360K, reserved 1114112K
  class space    used 1752K, committed 1920K, reserved 1048576K
}
Event: 34.131 GC heap after
{Heap after GC invocations=63 (full 0):
 garbage-first heap   total 270336K, used 48639K [0x0000000700000000, 0x0000000800000000)
  region size 2048K, 2 young (4096K), 2 survivors (4096K)
 Metaspace       used 15074K, committed 15360K, reserved 1114112K
  class space    used 1752K, committed 1920K, reserved 1048576K
}
Event: 34.763 GC heap before
{Heap before GC invocations=63 (full 0):
 garbage-first heap   total 270336K, used 142847K [0x0000000700000000, 0x0000000800000000)
  region size 2048K, 14 young (28672K), 2 survivors (4096K)
 Metaspace       used 15110K, committed 15424K, reserved 1114112K
  class space    used 1755K, committed 1920K, reserved 1048576K
}
Event: 34.765 GC heap after
{Heap after GC invocations=64 (full 0):
 garbage-first heap   total 270336K, used 89708K [0x0000000700000000, 0x0000000800000000)
  region size 2048K, 3 young (6144K), 3 survivors (6144K)
 Metaspace       used 15110K, committed 15424K, reserved 1114112K
  class space    used 1755K, committed 1920K, reserved 1048576K
}
Event: 35.029 GC heap before
{Heap before GC invocations=64 (full 0):
 garbage-first heap   total 270336K, used 132716K [0x0000000700000000, 0x0000000800000000)
  region size 2048K, 9 young (18432K), 3 survivors (6144K)
 Metaspace       used 15110K, committed 15424K, reserved 1114112K
  class space    used 1755K, committed 1920K, reserved 1048576K
}
Event: 35.031 GC heap after
{Heap after GC invocations=65 (full 0):
 garbage-first heap   total 270336K, used 50798K [0x0000000700000000, 0x0000000800000000)
  region size 2048K, 3 young (6144K), 3 survivors (6144K)
 Metaspace       used 15110K, committed 15424K, reserved 1114112K
  class space    used 1755K, committed 1920K, reserved 1048576K
}
Event: 35.594 GC heap before
{Heap before GC invocations=65 (full 0):
 garbage-first heap   total 270336K, used 140910K [0x0000000700000000, 0x0000000800000000)
  region size 2048K, 13 young (26624K), 3 survivors (6144K)
 Metaspace       used 15110K, committed 15424K, reserved 1114112K
  class space    used 1755K, committed 1920K, reserved 1048576K
}
Event: 35.596 GC heap after
{Heap after GC invocations=66 (full 0):
 garbage-first heap   total 270336K, used 87910K [0x0000000700000000, 0x0000000800000000)
  region size 2048K, 2 young (4096K), 2 survivors (4096K)
 Metaspace       used 15110K, committed 15424K, reserved 1114112K
  class space    used 1755K, committed 1920K, reserved 1048576K
}
Event: 35.862 GC heap before
{Heap before GC invocations=66 (full 0):
 garbage-first heap   total 270336K, used 130918K [0x0000000700000000, 0x0000000800000000)
  region size 2048K, 8 young (16384K), 2 survivors (4096K)
 Metaspace       used 15110K, committed 15424K, reserved 1114112K
  class space    used 1755K, committed 1920K, reserved 1048576K
}
Event: 35.864 GC heap after
{Heap after GC invocations=67 (full 0):
 garbage-first heap   total 270336K, used 50017K [0x0000000700000000, 0x0000000800000000)
  region size 2048K, 3 young (6144K), 3 survivors (6144K)
 Metaspace       used 15110K, committed 15424K, reserved 1114112K
  class space    used 1755K, committed 1920K, reserved 1048576K
}
Event: 36.460 GC heap before
{Heap before GC invocations=67 (full 0):
 garbage-first heap   total 270336K, used 142177K [0x0000000700000000, 0x0000000800000000)
  region size 2048K, 14 young (28672K), 3 survivors (6144K)
 Metaspace       used 15110K, committed 15424K, reserved 1114112K
  class space    used 1755K, committed 1920K, reserved 1048576K
}
Event: 36.462 GC heap after
{Heap after GC invocations=68 (full 0):
 garbage-first heap   total 270336K, used 89713K [0x0000000700000000, 0x0000000800000000)
  region size 2048K, 3 young (6144K), 3 survivors (6144K)
 Metaspace       used 15110K, committed 15424K, reserved 1114112K
  class space    used 1755K, committed 1920K, reserved 1048576K
}

