# JRE version: Java(TM) SE Runtime Environment (18.0.2.1+1) (build 18.0.2.1+1-1)
# Java VM: Java HotSpot(TM) 64-Bit Server VM (18.0.2.1+1-1, mixed mode, sharing, tiered, compressed oops, compressed class ptrs, g1 gc, bsd-amd64)
GC Precious Log:
 CardTable entry size: 512
 Card Set container configuration: InlinePtr #cards 4 size 8 Array Of Cards #cards 16 size 48 Howl #buckets 8 coarsen threshold 3686 Howl Bitmap #cards 512 size 80 coarsen threshold 460 Card regions per heap region 1 cards per card region 4096
 CPUs: 8 total, 8 available
 Memory: 16384M
 Large Page Support: Disabled
 NUMA Support: Disabled
 Compressed Oops: Enabled (Zero based)
 Heap Region Size: 2M
 Heap Min Capacity: 8M
 Heap Initial Capacity: 256M
 Heap Max Capacity: 4G
 Pre-touch: Disabled
 Parallel Workers: 8
 Concurrent Workers: 2
 Concurrent Refinement Workers: 8
 Periodic GC: Disabled
Heap:
 garbage-first heap   total 385024K, used 219533K [0x0000000700000000, 0x0000000800000000)
  region size 2048K, 96 young (196608K), 2 survivors (4096K)
 Metaspace       used 16334K, committed 16640K, reserved 1114112K
  class space    used 1828K, committed 1984K, reserved 1048576K
GC Heap History (20 events):
Event: 514.802 GC heap before
{Heap before GC invocations=147 (full 0):
 garbage-first heap   total 385024K, used 255263K [0x0000000700000000, 0x0000000800000000)
  region size 2048K, 112 young (229376K), 1 survivors (2048K)
 Metaspace       used 16301K, committed 16576K, reserved 1114112K
  class space    used 1828K, committed 1984K, reserved 1048576K
}
Event: 514.804 GC heap after
{Heap after GC invocations=148 (full 0):
 garbage-first heap   total 385024K, used 30909K [0x0000000700000000, 0x0000000800000000)
  region size 2048K, 2 young (4096K), 2 survivors (4096K)
 Metaspace       used 16301K, committed 16576K, reserved 1114112K
  class space    used 1828K, committed 1984K, reserved 1048576K
}
Event: 522.128 GC heap before
{Heap before GC invocations=148 (full 0):
 garbage-first heap   total 385024K, used 254141K [0x0000000700000000, 0x0000000800000000)
  region size 2048K, 112 young (229376K), 2 survivors (4096K)
 Metaspace       used 16309K, committed 16576K, reserved 1114112K
  class space    used 1828K, committed 1984K, reserved 1048576K
}
Event: 522.129 GC heap after
{Heap after GC invocations=149 (full 0):
 garbage-first heap   total 385024K, used 30931K [0x0000000700000000, 0x0000000800000000)
  region size 2048K, 2 young (4096K), 2 survivors (4096K)
 Metaspace       used 16309K, committed 16576K, reserved 1114112K
  class space    used 1828K, committed 1984K, reserved 1048576K
}
Event: 529.457 GC heap before
{Heap before GC invocations=149 (full 0):
 garbage-first heap   total 385024K, used 254163K [0x0000000700000000, 0x0000000800000000)
  region size 2048K, 112 young (229376K), 2 survivors (4096K)
 Metaspace       used 16309K, committed 16576K, reserved 1114112K
  class space    used 1828K, committed 1984K, reserved 1048576K
}
Event: 529.459 GC heap after
{Heap after GC invocations=150 (full 0):
 garbage-first heap   total 385024K, used 30961K [0x0000000700000000, 0x0000000800000000)
  region size 2048K, 2 young (4096K), 2 survivors (4096K)
 Metaspace       used 16309K, committed 16576K, reserved 1114112K
  class space    used 1828K, committed 1984K, reserved 1048576K
}
Event: 536.791 GC heap before
{Heap before GC invocations=150 (full 0):
 garbage-first heap   total 385024K, used 254193K [0x0000000700000000, 0x0000000800000000)
  region size 2048K, 112 young (229376K), 2 survivors (4096K)
 Metaspace       used 16309K, committed 16576K, reserved 1114112K
  class space    used 1828K, committed 1984K, reserved 1048576K
}
Event: 536.793 GC heap after
{Heap after GC invocations=151 (full 0):
 garbage-first heap   total 385024K, used 30980K [0x0000000700000000, 0x0000000800000000)
  region size 2048K, 2 young (4096K), 2 survivors (4096K)
 Metaspace       used 16309K, committed 16576K, reserved 1114112K
  class space    used 1828K, committed 1984K, reserved 1048576K
}
Event: 544.120 GC heap before
{Heap before GC invocations=151 (full 0):
 garbage-first heap   total 385024K, used 254212K [0x0000000700000000, 0x0000000800000000)
  region size 2048K, 112 young (229376K), 2 survivors (4096K)
 Metaspace       used 16309K, committed 16576K, reserved 1114112K
  class space    used 1828K, committed 1984K, reserved 1048576K
}
Event: 544.121 GC heap after
{Heap after GC invocations=152 (full 0):
 garbage-first heap   total 385024K, used 30993K [0x0000000700000000, 0x0000000800000000)
  region size 2048K, 2 young (4096K), 2 survivors (4096K)
 Metaspace       used 16309K, committed 16576K, reserved 1114112K
  class space    used 1828K, committed 1984K, reserved 1048576K
}
Event: 551.454 GC heap before
{Heap before GC invocations=152 (full 0):
 garbage-first heap   total 385024K, used 254225K [0x0000000700000000, 0x0000000800000000)
  region size 2048K, 112 young (229376K), 2 survivors (4096K)
 Metaspace       used 16309K, committed 16576K, reserved 1114112K
  class space    used 1828K, committed 1984K, reserved 1048576K
}
Event: 551.455 GC heap after
{Heap after GC invocations=153 (full 0):
 garbage-first heap   total 385024K, used 31016K [0x0000000700000000, 0x0000000800000000)
  region size 2048K, 2 young (4096K), 2 survivors (4096K)
 Metaspace       used 16309K, committed 16576K, reserved 1114112K
  class space    used 1828K, committed 1984K, reserved 1048576K
}
Event: 558.784 GC heap before
{Heap before GC invocations=153 (full 0):
 garbage-first heap   total 385024K, used 254248K [0x0000000700000000, 0x0000000800000000)
  region size 2048K, 112 young (229376K), 2 survivors (4096K)
 Metaspace       used 16310K, committed 16576K, reserved 1114112K
  class space    used 1828K, committed 1984K, reserved 1048576K
}
Event: 558.786 GC heap after
{Heap after GC invocations=154 (full 0):
 garbage-first heap   total 385024K, used 31031K [0x0000000700000000, 0x0000000800000000)
  region size 2048K, 2 young (4096K), 2 survivors (4096K)
 Metaspace       used 16310K, committed 16576K, reserved 1114112K
  class space    used 1828K, committed 1984K, reserved 1048576K
}
Event: 566.149 GC heap before
{Heap before GC invocations=154 (full 0):
 garbage-first heap   total 385024K, used 254263K [0x0000000700000000, 0x0000000800000000)
  region size 2048K, 112 young (229376K), 2 survivors (4096K)
 Metaspace       used 16310K, committed 16576K, reserved 1114112K
  class space    used 1828K, committed 1984K, reserved 1048576K
}
Event: 566.151 GC heap after
{Heap after GC invocations=155 (full 0):
 garbage-first heap   total 385024K, used 30159K [0x0000000700000000, 0x0000000800000000)
  region size 2048K, 1 young (2048K), 1 survivors (2048K)
 Metaspace       used 16310K, committed 16576K, reserved 1114112K
  class space    used 1828K, committed 1984K, reserved 1048576K
}
Event: 573.542 GC heap before
{Heap before GC invocations=155 (full 0):
 garbage-first heap   total 385024K, used 255439K [0x0000000700000000, 0x0000000800000000)
  region size 2048K, 112 young (229376K), 1 survivors (2048K)
 Metaspace       used 16310K, committed 16576K, reserved 1114112K
  class space    used 1828K, committed 1984K, reserved 1048576K
}
Event: 573.544 GC heap after
{Heap after GC invocations=156 (full 0):
 garbage-first heap   total 385024K, used 31100K [0x0000000700000000, 0x0000000800000000)
  region size 2048K, 2 young (4096K), 2 survivors (4096K)
 Metaspace       used 16310K, committed 16576K, reserved 1114112K
  class space    used 1828K, committed 1984K, reserved 1048576K
}
Event: 580.873 GC heap before
{Heap before GC invocations=156 (full 0):
 garbage-first heap   total 385024K, used 254332K [0x0000000700000000, 0x0000000800000000)
  region size 2048K, 112 young (229376K), 2 survivors (4096K)
 Metaspace       used 16314K, committed 16576K, reserved 1114112K
  class space    used 1828K, committed 1984K, reserved 1048576K
}
Event: 580.874 GC heap after
{Heap after GC invocations=157 (full 0):
 garbage-first heap   total 385024K, used 31117K [0x0000000700000000, 0x0000000800000000)
  region size 2048K, 2 young (4096K), 2 survivors (4096K)
 Metaspace       used 16314K, committed 16576K, reserved 1114112K
  class space    used 1828K, committed 1984K, reserved 1048576K
}

