# JRE version: Java(TM) SE Runtime Environment (18.0.2.1+1) (build 18.0.2.1+1-1)
# Java VM: Java HotSpot(TM) 64-Bit Server VM (18.0.2.1+1-1, mixed mode, sharing, tiered, compressed oops, compressed class ptrs, g1 gc, bsd-amd64)
GC Precious Log:
 CardTable entry size: 512
 Card Set container configuration: InlinePtr #cards 4 size 8 Array Of Cards #cards 16 size 48 Howl #buckets 8 coarsen threshold 3686 Howl Bitmap #cards 512 size 80 coarsen threshold 460 Card regions per heap region 1 cards per card region 4096
 CPUs: 8 total, 8 available
 Memory: 16384M
 Large Page Support: Disabled
 NUMA Support: Disabled
 Compressed Oops: Enabled (Zero based)
 Heap Region Size: 2M
 Heap Min Capacity: 8M
 Heap Initial Capacity: 256M
 Heap Max Capacity: 4G
 Pre-touch: Disabled
 Parallel Workers: 8
 Concurrent Workers: 2
 Concurrent Refinement Workers: 8
 Periodic GC: Disabled
Heap:
 garbage-first heap   total 401408K, used 165107K [0x0000000700000000, 0x0000000800000000)
  region size 2048K, 9 young (18432K), 1 survivors (2048K)
 Metaspace       used 17230K, committed 17536K, reserved 1114112K
  class space    used 1884K, committed 2048K, reserved 1048576K
GC Heap History (20 events):
Event: 1133.370 GC heap before
{Heap before GC invocations=507 (full 0):
 garbage-first heap   total 401408K, used 199915K [0x0000000700000000, 0x0000000800000000)
  region size 2048K, 13 young (26624K), 1 survivors (2048K)
 Metaspace       used 17230K, committed 17536K, reserved 1114112K
  class space    used 1884K, committed 2048K, reserved 1048576K
}
Event: 1133.372 GC heap after
{Heap after GC invocations=508 (full 0):
 garbage-first heap   total 401408K, used 136429K [0x0000000700000000, 0x0000000800000000)
  region size 2048K, 1 young (2048K), 1 survivors (2048K)
 Metaspace       used 17230K, committed 17536K, reserved 1114112K
  class space    used 1884K, committed 2048K, reserved 1048576K
}
Event: 1133.702 GC heap before
{Heap before GC invocations=508 (full 0):
 garbage-first heap   total 401408K, used 187629K [0x0000000700000000, 0x0000000800000000)
  region size 2048K, 7 young (14336K), 1 survivors (2048K)
 Metaspace       used 17230K, committed 17536K, reserved 1114112K
  class space    used 1884K, committed 2048K, reserved 1048576K
}
Event: 1133.704 GC heap after
{Heap after GC invocations=509 (full 0):
 garbage-first heap   total 401408K, used 89326K [0x0000000700000000, 0x0000000800000000)
  region size 2048K, 1 young (2048K), 1 survivors (2048K)
 Metaspace       used 17230K, committed 17536K, reserved 1114112K
  class space    used 1884K, committed 2048K, reserved 1048576K
}
Event: 1134.402 GC heap before
{Heap before GC invocations=509 (full 0):
 garbage-first heap   total 401408K, used 197870K [0x0000000700000000, 0x0000000800000000)
  region size 2048K, 12 young (24576K), 1 survivors (2048K)
 Metaspace       used 17230K, committed 17536K, reserved 1114112K
  class space    used 1884K, committed 2048K, reserved 1048576K
}
Event: 1134.404 GC heap after
{Heap after GC invocations=510 (full 0):
 garbage-first heap   total 401408K, used 136434K [0x0000000700000000, 0x0000000800000000)
  region size 2048K, 1 young (2048K), 1 survivors (2048K)
 Metaspace       used 17230K, committed 17536K, reserved 1114112K
  class space    used 1884K, committed 2048K, reserved 1048576K
}
Event: 1134.734 GC heap before
{Heap before GC invocations=510 (full 0):
 garbage-first heap   total 401408K, used 187634K [0x0000000700000000, 0x0000000800000000)
  region size 2048K, 7 young (14336K), 1 survivors (2048K)
 Metaspace       used 17230K, committed 17536K, reserved 1114112K
  class space    used 1884K, committed 2048K, reserved 1048576K
}
Event: 1134.736 GC heap after
{Heap after GC invocations=511 (full 0):
 garbage-first heap   total 401408K, used 89328K [0x0000000700000000, 0x0000000800000000)
  region size 2048K, 1 young (2048K), 1 survivors (2048K)
 Metaspace       used 17230K, committed 17536K, reserved 1114112K
  class space    used 1884K, committed 2048K, reserved 1048576K
}
Event: 1135.467 GC heap before
{Heap before GC invocations=511 (full 0):
 garbage-first heap   total 401408K, used 199920K [0x0000000700000000, 0x0000000800000000)
  region size 2048K, 13 young (26624K), 1 survivors (2048K)
 Metaspace       used 17230K, committed 17536K, reserved 1114112K
  class space    used 1884K, committed 2048K, reserved 1048576K
}
Event: 1135.469 GC heap after
{Heap after GC invocations=512 (full 0):
 garbage-first heap   total 401408K, used 136432K [0x0000000700000000, 0x0000000800000000)
  region size 2048K, 1 young (2048K), 1 survivors (2048K)
 Metaspace       used 17230K, committed 17536K, reserved 1114112K
  class space    used 1884K, committed 2048K, reserved 1048576K
}
Event: 1135.799 GC heap before
{Heap before GC invocations=512 (full 0):
 garbage-first heap   total 401408K, used 187632K [0x0000000700000000, 0x0000000800000000)
  region size 2048K, 7 young (14336K), 1 survivors (2048K)
 Metaspace       used 17230K, committed 17536K, reserved 1114112K
  class space    used 1884K, committed 2048K, reserved 1048576K
}
Event: 1135.801 GC heap after
{Heap after GC invocations=513 (full 0):
 garbage-first heap   total 401408K, used 89326K [0x0000000700000000, 0x0000000800000000)
  region size 2048K, 1 young (2048K), 1 survivors (2048K)
 Metaspace       used 17230K, committed 17536K, reserved 1114112K
  class space    used 1884K, committed 2048K, reserved 1048576K
}
Event: 1136.500 GC heap before
{Heap before GC invocations=513 (full 0):
 garbage-first heap   total 401408K, used 197870K [0x0000000700000000, 0x0000000800000000)
  region size 2048K, 12 young (24576K), 1 survivors (2048K)
 Metaspace       used 17230K, committed 17536K, reserved 1114112K
  class space    used 1884K, committed 2048K, reserved 1048576K
}
Event: 1136.502 GC heap after
{Heap after GC invocations=514 (full 0):
 garbage-first heap   total 401408K, used 136434K [0x0000000700000000, 0x0000000800000000)
  region size 2048K, 1 young (2048K), 1 survivors (2048K)
 Metaspace       used 17230K, committed 17536K, reserved 1114112K
  class space    used 1884K, committed 2048K, reserved 1048576K
}
Event: 1136.832 GC heap before
{Heap before GC invocations=514 (full 0):
 garbage-first heap   total 401408K, used 187634K [0x0000000700000000, 0x0000000800000000)
  region size 2048K, 7 young (14336K), 1 survivors (2048K)
 Metaspace       used 17230K, committed 17536K, reserved 1114112K
  class space    used 1884K, committed 2048K, reserved 1048576K
}
Event: 1136.833 GC heap after
{Heap after GC invocations=515 (full 0):
 garbage-first heap   total 401408K, used 89328K [0x0000000700000000, 0x0000000800000000)
  region size 2048K, 1 young (2048K), 1 survivors (2048K)
 Metaspace       used 17230K, committed 17536K, reserved 1114112K
  class space    used 1884K, committed 2048K, reserved 1048576K
}
Event: 1137.566 GC heap before
{Heap before GC invocations=515 (full 0):
 garbage-first heap   total 401408K, used 199920K [0x0000000700000000, 0x0000000800000000)
  region size 2048K, 13 young (26624K), 1 survivors (2048K)
 Metaspace       used 17230K, committed 17536K, reserved 1114112K
  class space    used 1884K, committed 2048K, reserved 1048576K
}
Event: 1137.568 GC heap after
{Heap after GC invocations=516 (full 0):
 garbage-first heap   total 401408K, used 136434K [0x0000000700000000, 0x0000000800000000)
  region size 2048K, 1 young (2048K), 1 survivors (2048K)
 Metaspace       used 17230K, committed 17536K, reserved 1114112K
  class space    used 1884K, committed 2048K, reserved 1048576K
}
Event: 1137.898 GC heap before
{Heap before GC invocations=516 (full 0):
 garbage-first heap   total 401408K, used 187634K [0x0000000700000000, 0x0000000800000000)
  region size 2048K, 7 young (14336K), 1 survivors (2048K)
 Metaspace       used 17230K, committed 17536K, reserved 1114112K
  class space    used 1884K, committed 2048K, reserved 1048576K
}
Event: 1137.899 GC heap after
{Heap after GC invocations=517 (full 0):
 garbage-first heap   total 401408K, used 89331K [0x0000000700000000, 0x0000000800000000)
  region size 2048K, 1 young (2048K), 1 survivors (2048K)
 Metaspace       used 17230K, committed 17536K, reserved 1114112K
  class space    used 1884K, committed 2048K, reserved 1048576K
}

