# JRE version: Java(TM) SE Runtime Environment (18.0.2.1+1) (build 18.0.2.1+1-1)
# Java VM: Java HotSpot(TM) 64-Bit Server VM (18.0.2.1+1-1, mixed mode, sharing, tiered, compressed oops, compressed class ptrs, g1 gc, bsd-amd64)
Heap:
 garbage-first heap   total 266240K, used 62553K [0x0000000700000000, 0x0000000800000000)
  region size 2048K, 26 young (53248K), 2 survivors (4096K)
 Metaspace       used 13124K, committed 13312K, reserved 1114112K
  class space    used 1520K, committed 1600K, reserved 1048576K
GC Heap History (6 events):
Event: 4.619 GC heap before
{Heap before GC invocations=0 (full 0):
 garbage-first heap   total 266240K, used 26520K [0x0000000700000000, 0x0000000800000000)
  region size 2048K, 11 young (22528K), 0 survivors (0K)
 Metaspace       used 12515K, committed 12736K, reserved 1114112K
  class space    used 1491K, committed 1600K, reserved 1048576K
}
Event: 4.634 GC heap after
{Heap after GC invocations=1 (full 0):
 garbage-first heap   total 266240K, used 11587K [0x0000000700000000, 0x0000000800000000)
  region size 2048K, 2 young (4096K), 2 survivors (4096K)
 Metaspace       used 12515K, committed 12736K, reserved 1114112K
  class space    used 1491K, committed 1600K, reserved 1048576K
}
Event: 5.516 GC heap before
{Heap before GC invocations=1 (full 0):
 garbage-first heap   total 266240K, used 38211K [0x0000000700000000, 0x0000000800000000)
  region size 2048K, 16 young (32768K), 2 survivors (4096K)
 Metaspace       used 12583K, committed 12800K, reserved 1114112K
  class space    used 1491K, committed 1600K, reserved 1048576K
}
Event: 5.521 GC heap after
{Heap after GC invocations=2 (full 0):
 garbage-first heap   total 266240K, used 11853K [0x0000000700000000, 0x0000000800000000)
  region size 2048K, 1 young (2048K), 1 survivors (2048K)
 Metaspace       used 12583K, committed 12800K, reserved 1114112K
  class space    used 1491K, committed 1600K, reserved 1048576K
}
Event: 10.450 GC heap before
{Heap before GC invocations=2 (full 0):
 garbage-first heap   total 266240K, used 163405K [0x0000000700000000, 0x0000000800000000)
  region size 2048K, 76 young (155648K), 1 survivors (2048K)
 Metaspace       used 13078K, committed 13248K, reserved 1114112K
  class space    used 1520K, committed 1600K, reserved 1048576K
}
Event: 10.453 GC heap after
{Heap after GC invocations=3 (full 0):
 garbage-first heap   total 266240K, used 13897K [0x0000000700000000, 0x0000000800000000)
  region size 2048K, 2 young (4096K), 2 survivors (4096K)
 Metaspace       used 13078K, committed 13248K, reserved 1114112K
  class space    used 1520K, committed 1600K, reserved 1048576K
}

